[debug] [2022-02-20T03:49:00.591Z] ----------------------------------------------------------------------
[debug] [2022-02-20T03:49:00.594Z] Command:       C:\Program Files\nodejs\node.exe C:\Users\Dell\AppData\Roaming\npm\node_modules\firebase-tools\lib\bin\firebase.js init hosting
[debug] [2022-02-20T03:49:00.595Z] CLI Version:   10.2.1
[debug] [2022-02-20T03:49:00.596Z] Platform:      win32
[debug] [2022-02-20T03:49:00.596Z] Node Version:  v16.13.2
[debug] [2022-02-20T03:49:00.598Z] Time:          Sun Feb 20 2022 10:49:00 GMT+0700 (Indochina Time)
[debug] [2022-02-20T03:49:00.599Z] ----------------------------------------------------------------------
[debug] 
[debug] [2022-02-20T03:49:00.775Z] > command requires scopes: ["email","openid","https://www.googleapis.com/auth/cloudplatformprojects.readonly","https://www.googleapis.com/auth/firebase","https://www.googleapis.com/auth/cloud-platform"]
[debug] [2022-02-20T03:49:00.777Z] > authorizing via signed-in user (ledieptrien@gmail.com)
[info] 
     ######## #### ########  ######## ########     ###     ######  ########
     ##        ##  ##     ## ##       ##     ##  ##   ##  ##       ##
     ######    ##  ########  ######   ########  #########  ######  ######
     ##        ##  ##    ##  ##       ##     ## ##     ##       ## ##
     ##       #### ##     ## ######## ########  ##     ##  ######  ########

You're about to initialize a Firebase project in this directory:

  C:\Users\Dell\Desktop\NetFlix\Netflix

Before we get started, keep in mind:

  * You are initializing within an existing Firebase project directory

[info] 
=== Project Setup
[info] 
[info] First, let's associate this project directory with a Firebase project.
[info] You can create multiple project aliases by running firebase use --add, 
[info] but for now we'll just set up a default project.
[info] 
[debug] [2022-02-20T03:49:32.352Z] Using project from CLI flag: netflix-1ba01
[debug] [2022-02-20T03:49:32.354Z] > refreshing access token with scopes: []
[debug] [2022-02-20T03:49:32.355Z] >>> HTTP REQUEST POST https://www.googleapis.com/oauth2/v3/token  
 <request body omitted>
[debug] [2022-02-20T03:49:32.712Z] <<< HTTP RESPONSE 200 {"cache-control":"no-cache, no-store, max-age=0, must-revalidate","expires":"Mon, 01 Jan 1990 00:00:00 GMT","date":"Sun, 20 Feb 2022 03:49:31 GMT","pragma":"no-cache","content-type":"application/json; charset=utf-8","vary":"X-Origin, Referer, Origin,Accept-Encoding","server":"scaffolding on HTTPServer2","x-xss-protection":"0","x-frame-options":"SAMEORIGIN","x-content-type-options":"nosniff","alt-svc":"h3=\":443\"; ma=2592000,h3-29=\":443\"; ma=2592000,h3-Q050=\":443\"; ma=2592000,h3-Q046=\":443\"; ma=2592000,h3-Q043=\":443\"; ma=2592000,quic=\":443\"; ma=2592000; v=\"46,43\"","accept-ranges":"none","transfer-encoding":"chunked"}
[debug] [2022-02-20T03:49:32.740Z] >>> [apiv2][query] GET https://firebase.googleapis.com/v1beta1/projects/netflix-1ba01 [none]
[debug] [2022-02-20T03:49:33.329Z] <<< [apiv2][status] GET https://firebase.googleapis.com/v1beta1/projects/netflix-1ba01 200
[debug] [2022-02-20T03:49:33.329Z] <<< [apiv2][body] GET https://firebase.googleapis.com/v1beta1/projects/netflix-1ba01 {"projectId":"netflix-1ba01","projectNumber":"115016482209","displayName":"Netflix","name":"projects/netflix-1ba01","resources":{"hostingSite":"netflix-1ba01"},"state":"ACTIVE"}
[info] i  Using project netflix-1ba01 (Netflix) 
[info] 
=== Hosting Setup
[info] 
[info] Your public directory is the folder (relative to your project directory) that
[info] will contain Hosting assets to be uploaded with firebase deploy. If you
[info] have a build process for your assets, use your build's output directory.
[info] 
